0 info it worked if it ends with ok
1 verbose cli [ 'C:\\Program Files\\nodejs\\node.exe',
1 verbose cli   'C:\\Program Files\\nodejs\\node_modules\\npm\\bin\\npm-cli.js',
1 verbose cli   'start' ]
2 info using npm@3.10.10
3 info using node@v6.11.3
4 verbose run-script [ 'prestart', 'start', 'poststart' ]
5 info lifecycle nodejs-demo2@0.0.0~prestart: nodejs-demo2@0.0.0
6 silly lifecycle nodejs-demo2@0.0.0~prestart: no script for prestart, continuing
7 info lifecycle nodejs-demo2@0.0.0~start: nodejs-demo2@0.0.0
8 verbose lifecycle nodejs-demo2@0.0.0~start: unsafe-perm in lifecycle true
9 verbose lifecycle nodejs-demo2@0.0.0~start: PATH: C:\Program Files\nodejs\node_modules\npm\bin\node-gyp-bin;G:\Basic GIS\nodejs-demo2\node_modules\.bin;E:\CTEX\UserData\miktex\bin;E:\CTEX\MiKTeX\miktex\bin;E:\CTEX\CTeX\ctex\bin;E:\CTEX\CTeX\cct\bin;E:\CTEX\CTeX\ty\bin;E:\CTEX\Ghostscript\gs9.05\bin;E:\CTEX\GSview\gsview;E:\CTEX\WinEdt;C:\Program Files\FME\;E:\Matlab\runtime\win64;E:\Matlab\bin;C:\Program Files\nodejs\;C:\Program Files (x86)\Windows Kits\10\Windows Performance Toolkit\;C:\Program Files\Git\cmd;C:\Users\think\AppData\Local\Microsoft\WindowsApps;c:\windows\system32;C:\Users\think\AppData\Roaming\npm;C:\Program Files\Microsoft VS Code\bin
10 verbose lifecycle nodejs-demo2@0.0.0~start: CWD: G:\Basic GIS\nodejs-demo2
11 silly lifecycle nodejs-demo2@0.0.0~start: Args: [ '/d /s /c', 'node ./bin/www' ]
12 silly lifecycle nodejs-demo2@0.0.0~start: Returned: code: 3221225786  signal: null
13 info lifecycle nodejs-demo2@0.0.0~start: Failed to exec start script
14 verbose stack Error: nodejs-demo2@0.0.0 start: `node ./bin/www`
14 verbose stack Exit status 3221225786
14 verbose stack     at EventEmitter.<anonymous> (C:\Program Files\nodejs\node_modules\npm\lib\utils\lifecycle.js:255:16)
14 verbose stack     at emitTwo (events.js:106:13)
14 verbose stack     at EventEmitter.emit (events.js:191:7)
14 verbose stack     at ChildProcess.<anonymous> (C:\Program Files\nodejs\node_modules\npm\lib\utils\spawn.js:40:14)
14 verbose stack     at emitTwo (events.js:106:13)
14 verbose stack     at ChildProcess.emit (events.js:191:7)
14 verbose stack     at maybeClose (internal/child_process.js:920:16)
14 verbose stack     at Process.ChildProcess._handle.onexit (internal/child_process.js:230:5)
15 verbose pkgid nodejs-demo2@0.0.0
16 verbose cwd G:\Basic GIS\nodejs-demo2
17 error Windows_NT 10.0.14393
18 error argv "C:\\Program Files\\nodejs\\node.exe" "C:\\Program Files\\nodejs\\node_modules\\npm\\bin\\npm-cli.js" "start"
19 error node v6.11.3
20 error npm  v3.10.10
21 error code ELIFECYCLE
22 error nodejs-demo2@0.0.0 start: `node ./bin/www`
22 error Exit status 3221225786
23 error Failed at the nodejs-demo2@0.0.0 start script 'node ./bin/www'.
23 error Make sure you have the latest version of node.js and npm installed.
23 error If you do, this is most likely a problem with the nodejs-demo2 package,
23 error not with npm itself.
23 error Tell the author that this fails on your system:
23 error     node ./bin/www
23 error You can get information on how to open an issue for this project with:
23 error     npm bugs nodejs-demo2
23 error Or if that isn't available, you can get their info via:
23 error     npm owner ls nodejs-demo2
23 error There is likely additional logging output above.
24 verbose exit [ 1, true ]
